# JRE version: OpenJDK Runtime Environment (8.0_202-b03) (build 1.8.0_202-release-1483-b03)
# Java VM: OpenJDK 64-Bit Server VM (25.202-b03 mixed mode windows-amd64 compressed oops)
Heap:
 PSYoungGen      total 134656K, used 45937K [0x00000000e0000000, 0x00000000eae00000, 0x0000000100000000)
  eden space 115200K, 22% used [0x00000000e0000000,0x00000000e19df1a8,0x00000000e7080000)
  from space 19456K, 99% used [0x00000000e8b80000,0x00000000e9e7d5b8,0x00000000e9e80000)
  to   space 27648K, 0% used [0x00000000e7080000,0x00000000e7080000,0x00000000e8b80000)
 ParOldGen       total 147968K, used 46529K [0x00000000a0000000, 0x00000000a9080000, 0x00000000e0000000)
  object space 147968K, 31% used [0x00000000a0000000,0x00000000a2d706e8,0x00000000a9080000)
 Metaspace       used 76861K, capacity 79518K, committed 79704K, reserved 1118208K
  class space    used 10214K, capacity 10758K, committed 10880K, reserved 1048576K
GC Heap History (10 events):
Event: 66.379 GC heap before
{Heap before GC invocations=17 (full 2):
 PSYoungGen      total 103424K, used 75233K [0x00000000e0000000, 0x00000000e7980000, 0x0000000100000000)
  eden space 91136K, 69% used [0x00000000e0000000,0x00000000e3d7c7e0,0x00000000e5900000)
  from space 12288K, 99% used [0x00000000e6800000,0x00000000e73fbc58,0x00000000e7400000)
  to   space 15360K, 0% used [0x00000000e5900000,0x00000000e5900000,0x00000000e6800000)
 ParOldGen       total 100864K, used 21737K [0x00000000a0000000, 0x00000000a6280000, 0x00000000e0000000)
  object space 100864K, 21% used [0x00000000a0000000,0x00000000a153a410,0x00000000a6280000)
 Metaspace       used 57369K, capacity 58946K, committed 59028K, reserved 1099776K
  class space    used 7767K, capacity 8140K, committed 8192K, reserved 1048576K
Event: 66.481 GC heap after
Heap after GC invocations=17 (full 2):
 PSYoungGen      total 106496K, used 15358K [0x00000000e0000000, 0x00000000e9300000, 0x0000000100000000)
  eden space 91136K, 0% used [0x00000000e0000000,0x00000000e0000000,0x00000000e5900000)
  from space 15360K, 99% used [0x00000000e5900000,0x00000000e67ffb08,0x00000000e6800000)
  to   space 17920K, 0% used [0x00000000e8180000,0x00000000e8180000,0x00000000e9300000)
 ParOldGen       total 100864K, used 23695K [0x00000000a0000000, 0x00000000a6280000, 0x00000000e0000000)
  object space 100864K, 23% used [0x00000000a0000000,0x00000000a1723c08,0x00000000a6280000)
 Metaspace       used 57369K, capacity 58946K, committed 59028K, reserved 1099776K
  class space    used 7767K, capacity 8140K, committed 8192K, reserved 1048576K
}
Event: 66.481 GC heap before
{Heap before GC invocations=18 (full 3):
 PSYoungGen      total 106496K, used 15358K [0x00000000e0000000, 0x00000000e9300000, 0x0000000100000000)
  eden space 91136K, 0% used [0x00000000e0000000,0x00000000e0000000,0x00000000e5900000)
  from space 15360K, 99% used [0x00000000e5900000,0x00000000e67ffb08,0x00000000e6800000)
  to   space 17920K, 0% used [0x00000000e8180000,0x00000000e8180000,0x00000000e9300000)
 ParOldGen       total 100864K, used 23695K [0x00000000a0000000, 0x00000000a6280000, 0x00000000e0000000)
  object space 100864K, 23% used [0x00000000a0000000,0x00000000a1723c08,0x00000000a6280000)
 Metaspace       used 57369K, capacity 58946K, committed 59028K, reserved 1099776K
  class space    used 7767K, capacity 8140K, committed 8192K, reserved 1048576K
Event: 67.360 GC heap after
Heap after GC invocations=18 (full 3):
 PSYoungGen      total 106496K, used 0K [0x00000000e0000000, 0x00000000e9300000, 0x0000000100000000)
  eden space 91136K, 0% used [0x00000000e0000000,0x00000000e0000000,0x00000000e5900000)
  from space 15360K, 0% used [0x00000000e5900000,0x00000000e5900000,0x00000000e6800000)
  to   space 17920K, 0% used [0x00000000e8180000,0x00000000e8180000,0x00000000e9300000)
 ParOldGen       total 147968K, used 31366K [0x00000000a0000000, 0x00000000a9080000, 0x00000000e0000000)
  object space 147968K, 21% used [0x00000000a0000000,0x00000000a1ea1b20,0x00000000a9080000)
 Metaspace       used 57368K, capacity 58940K, committed 59028K, reserved 1099776K
  class space    used 7766K, capacity 8139K, committed 8192K, reserved 1048576K
}
Event: 1682.356 GC heap before
{Heap before GC invocations=19 (full 3):
 PSYoungGen      total 106496K, used 91136K [0x00000000e0000000, 0x00000000e9300000, 0x0000000100000000)
  eden space 91136K, 100% used [0x00000000e0000000,0x00000000e5900000,0x00000000e5900000)
  from space 15360K, 0% used [0x00000000e5900000,0x00000000e5900000,0x00000000e6800000)
  to   space 17920K, 0% used [0x00000000e8180000,0x00000000e8180000,0x00000000e9300000)
 ParOldGen       total 147968K, used 31366K [0x00000000a0000000, 0x00000000a9080000, 0x00000000e0000000)
  object space 147968K, 21% used [0x00000000a0000000,0x00000000a1ea1b20,0x00000000a9080000)
 Metaspace       used 63213K, capacity 65060K, committed 65368K, reserved 1105920K
  class space    used 8291K, capacity 8713K, committed 8832K, reserved 1048576K
Event: 1682.530 GC heap after
Heap after GC invocations=19 (full 3):
 PSYoungGen      total 121344K, used 9028K [0x00000000e0000000, 0x00000000e8d00000, 0x0000000100000000)
  eden space 109568K, 0% used [0x00000000e0000000,0x00000000e0000000,0x00000000e6b00000)
  from space 11776K, 76% used [0x00000000e8180000,0x00000000e8a511e8,0x00000000e8d00000)
  to   space 17408K, 0% used [0x00000000e6b00000,0x00000000e6b00000,0x00000000e7c00000)
 ParOldGen       total 147968K, used 31374K [0x00000000a0000000, 0x00000000a9080000, 0x00000000e0000000)
  object space 147968K, 21% used [0x00000000a0000000,0x00000000a1ea3b20,0x00000000a9080000)
 Metaspace       used 63213K, capacity 65060K, committed 65368K, reserved 1105920K
  class space    used 8291K, capacity 8713K, committed 8832K, reserved 1048576K
}
Event: 1695.993 GC heap before
{Heap before GC invocations=20 (full 3):
 PSYoungGen      total 121344K, used 118596K [0x00000000e0000000, 0x00000000e8d00000, 0x0000000100000000)
  eden space 109568K, 100% used [0x00000000e0000000,0x00000000e6b00000,0x00000000e6b00000)
  from space 11776K, 76% used [0x00000000e8180000,0x00000000e8a511e8,0x00000000e8d00000)
  to   space 17408K, 0% used [0x00000000e6b00000,0x00000000e6b00000,0x00000000e7c00000)
 ParOldGen       total 147968K, used 31374K [0x00000000a0000000, 0x00000000a9080000, 0x00000000e0000000)
  object space 147968K, 21% used [0x00000000a0000000,0x00000000a1ea3b20,0x00000000a9080000)
 Metaspace       used 68380K, capacity 70312K, committed 70616K, reserved 1110016K
  class space    used 8934K, capacity 9403K, committed 9472K, reserved 1048576K
Event: 1696.074 GC heap after
Heap after GC invocations=20 (full 3):
 PSYoungGen      total 126976K, used 17404K [0x00000000e0000000, 0x00000000e9e80000, 0x0000000100000000)
  eden space 109568K, 0% used [0x00000000e0000000,0x00000000e0000000,0x00000000e6b00000)
  from space 17408K, 99% used [0x00000000e6b00000,0x00000000e7bff1d0,0x00000000e7c00000)
  to   space 19456K, 0% used [0x00000000e8b80000,0x00000000e8b80000,0x00000000e9e80000)
 ParOldGen       total 147968K, used 31682K [0x00000000a0000000, 0x00000000a9080000, 0x00000000e0000000)
  object space 147968K, 21% used [0x00000000a0000000,0x00000000a1ef0a60,0x00000000a9080000)
 Metaspace       used 68380K, capacity 70312K, committed 70616K, reserved 1110016K
  class space    used 8934K, capacity 9403K, committed 9472K, reserved 1048576K
}
Event: 1706.610 GC heap before
{Heap before GC invocations=21 (full 3):
 PSYoungGen      total 126976K, used 126972K [0x00000000e0000000, 0x00000000e9e80000, 0x0000000100000000)
  eden space 109568K, 100% used [0x00000000e0000000,0x00000000e6b00000,0x00000000e6b00000)
  from space 17408K, 99% used [0x00000000e6b00000,0x00000000e7bff1d0,0x00000000e7c00000)
  to   space 19456K, 0% used [0x00000000e8b80000,0x00000000e8b80000,0x00000000e9e80000)
 ParOldGen       total 147968K, used 31682K [0x00000000a0000000, 0x00000000a9080000, 0x00000000e0000000)
  object space 147968K, 21% used [0x00000000a0000000,0x00000000a1ef0a60,0x00000000a9080000)
 Metaspace       used 76598K, capacity 79196K, committed 79448K, reserved 1118208K
  class space    used 10212K, capacity 10757K, committed 10880K, reserved 1048576K
Event: 1706.682 GC heap after
Heap after GC invocations=21 (full 3):
 PSYoungGen      total 134656K, used 19445K [0x00000000e0000000, 0x00000000eae00000, 0x0000000100000000)
  eden space 115200K, 0% used [0x00000000e0000000,0x00000000e0000000,0x00000000e7080000)
  from space 19456K, 99% used [0x00000000e8b80000,0x00000000e9e7d5b8,0x00000000e9e80000)
  to   space 27648K, 0% used [0x00000000e7080000,0x00000000e7080000,0x00000000e8b80000)
 ParOldGen       total 147968K, used 46529K [0x00000000a0000000, 0x00000000a9080000, 0x00000000e0000000)
  object space 147968K, 31% used [0x00000000a0000000,0x00000000a2d706e8,0x00000000a9080000)
 Metaspace       used 76598K, capacity 79196K, committed 79448K, reserved 1118208K
  class space    used 10212K, capacity 10757K, committed 10880K, reserved 1048576K
}

