# JRE version: OpenJDK Runtime Environment (8.0_202-b03) (build 1.8.0_202-release-1483-b03)
# Java VM: OpenJDK 64-Bit Server VM (25.202-b03 mixed mode windows-amd64 compressed oops)
Heap:
 PSYoungGen      total 387584K, used 29123K [0x00000000e0000000, 0x00000000f9100000, 0x0000000100000000)
  eden space 374784K, 4% used [0x00000000e0000000,0x00000000e1107980,0x00000000f6e00000)
  from space 12800K, 91% used [0x00000000f8480000,0x00000000f8fe95e0,0x00000000f9100000)
  to   space 17920K, 0% used [0x00000000f6e00000,0x00000000f6e00000,0x00000000f7f80000)
 ParOldGen       total 182784K, used 58739K [0x00000000a0000000, 0x00000000ab280000, 0x00000000e0000000)
  object space 182784K, 32% used [0x00000000a0000000,0x00000000a395ce50,0x00000000ab280000)
 Metaspace       used 98374K, capacity 102610K, committed 102656K, reserved 1138688K
  class space    used 12485K, capacity 13279K, committed 13312K, reserved 1048576K
GC Heap History (10 events):
Event: 2135.213 GC heap before
{Heap before GC invocations=34 (full 4):
 PSYoungGen      total 285696K, used 267568K [0x00000000e0000000, 0x00000000f5100000, 0x0000000100000000)
  eden space 266240K, 100% used [0x00000000e0000000,0x00000000f0400000,0x00000000f0400000)
  from space 19456K, 6% used [0x00000000f0400000,0x00000000f054c388,0x00000000f1700000)
  to   space 19968K, 0% used [0x00000000f3d80000,0x00000000f3d80000,0x00000000f5100000)
 ParOldGen       total 182784K, used 58573K [0x00000000a0000000, 0x00000000ab280000, 0x00000000e0000000)
  object space 182784K, 32% used [0x00000000a0000000,0x00000000a3933778,0x00000000ab280000)
 Metaspace       used 94558K, capacity 98054K, committed 98944K, reserved 1134592K
  class space    used 12014K, capacity 12747K, committed 12928K, reserved 1048576K
Event: 2135.257 GC heap after
Heap after GC invocations=34 (full 4):
 PSYoungGen      total 317952K, used 8478K [0x00000000e0000000, 0x00000000f4c80000, 0x0000000100000000)
  eden space 302592K, 0% used [0x00000000e0000000,0x00000000e0000000,0x00000000f2780000)
  from space 15360K, 55% used [0x00000000f3d80000,0x00000000f45c7b00,0x00000000f4c80000)
  to   space 18944K, 0% used [0x00000000f2780000,0x00000000f2780000,0x00000000f3a00000)
 ParOldGen       total 182784K, used 58731K [0x00000000a0000000, 0x00000000ab280000, 0x00000000e0000000)
  object space 182784K, 32% used [0x00000000a0000000,0x00000000a395ae50,0x00000000ab280000)
 Metaspace       used 94558K, capacity 98054K, committed 98944K, reserved 1134592K
  class space    used 12014K, capacity 12747K, committed 12928K, reserved 1048576K
}
Event: 2139.237 GC heap before
{Heap before GC invocations=35 (full 4):
 PSYoungGen      total 317952K, used 311070K [0x00000000e0000000, 0x00000000f4c80000, 0x0000000100000000)
  eden space 302592K, 100% used [0x00000000e0000000,0x00000000f2780000,0x00000000f2780000)
  from space 15360K, 55% used [0x00000000f3d80000,0x00000000f45c7b00,0x00000000f4c80000)
  to   space 18944K, 0% used [0x00000000f2780000,0x00000000f2780000,0x00000000f3a00000)
 ParOldGen       total 182784K, used 58731K [0x00000000a0000000, 0x00000000ab280000, 0x00000000e0000000)
  object space 182784K, 32% used [0x00000000a0000000,0x00000000a395ae50,0x00000000ab280000)
 Metaspace       used 94865K, capacity 98332K, committed 99200K, reserved 1136640K
  class space    used 12054K, capacity 12756K, committed 12928K, reserved 1048576K
Event: 2139.286 GC heap after
Heap after GC invocations=35 (full 4):
 PSYoungGen      total 321536K, used 9167K [0x00000000e0000000, 0x00000000f7480000, 0x0000000100000000)
  eden space 302592K, 0% used [0x00000000e0000000,0x00000000e0000000,0x00000000f2780000)
  from space 18944K, 48% used [0x00000000f2780000,0x00000000f3073ea0,0x00000000f3a00000)
  to   space 18432K, 0% used [0x00000000f6280000,0x00000000f6280000,0x00000000f7480000)
 ParOldGen       total 182784K, used 58731K [0x00000000a0000000, 0x00000000ab280000, 0x00000000e0000000)
  object space 182784K, 32% used [0x00000000a0000000,0x00000000a395ae50,0x00000000ab280000)
 Metaspace       used 94865K, capacity 98332K, committed 99200K, reserved 1136640K
  class space    used 12054K, capacity 12756K, committed 12928K, reserved 1048576K
}
Event: 2143.486 GC heap before
{Heap before GC invocations=36 (full 4):
 PSYoungGen      total 321536K, used 311759K [0x00000000e0000000, 0x00000000f7480000, 0x0000000100000000)
  eden space 302592K, 100% used [0x00000000e0000000,0x00000000f2780000,0x00000000f2780000)
  from space 18944K, 48% used [0x00000000f2780000,0x00000000f3073ea0,0x00000000f3a00000)
  to   space 18432K, 0% used [0x00000000f6280000,0x00000000f6280000,0x00000000f7480000)
 ParOldGen       total 182784K, used 58731K [0x00000000a0000000, 0x00000000ab280000, 0x00000000e0000000)
  object space 182784K, 32% used [0x00000000a0000000,0x00000000a395ae50,0x00000000ab280000)
 Metaspace       used 94870K, capacity 98332K, committed 99200K, reserved 1136640K
  class space    used 12054K, capacity 12756K, committed 12928K, reserved 1048576K
Event: 2143.549 GC heap after
Heap after GC invocations=36 (full 4):
 PSYoungGen      total 363520K, used 8583K [0x00000000e0000000, 0x00000000f7400000, 0x0000000100000000)
  eden space 345600K, 0% used [0x00000000e0000000,0x00000000e0000000,0x00000000f5180000)
  from space 17920K, 47% used [0x00000000f6280000,0x00000000f6ae1e28,0x00000000f7400000)
  to   space 17408K, 0% used [0x00000000f5180000,0x00000000f5180000,0x00000000f6280000)
 ParOldGen       total 182784K, used 58731K [0x00000000a0000000, 0x00000000ab280000, 0x00000000e0000000)
  object space 182784K, 32% used [0x00000000a0000000,0x00000000a395ae50,0x00000000ab280000)
 Metaspace       used 94870K, capacity 98332K, committed 99200K, reserved 1136640K
  class space    used 12054K, capacity 12756K, committed 12928K, reserved 1048576K
}
Event: 2525.713 GC heap before
{Heap before GC invocations=37 (full 4):
 PSYoungGen      total 363520K, used 354183K [0x00000000e0000000, 0x00000000f7400000, 0x0000000100000000)
  eden space 345600K, 100% used [0x00000000e0000000,0x00000000f5180000,0x00000000f5180000)
  from space 17920K, 47% used [0x00000000f6280000,0x00000000f6ae1e28,0x00000000f7400000)
  to   space 17408K, 0% used [0x00000000f5180000,0x00000000f5180000,0x00000000f6280000)
 ParOldGen       total 182784K, used 58731K [0x00000000a0000000, 0x00000000ab280000, 0x00000000e0000000)
  object space 182784K, 32% used [0x00000000a0000000,0x00000000a395ae50,0x00000000ab280000)
 Metaspace       used 97220K, capacity 101090K, committed 101248K, reserved 1136640K
  class space    used 12380K, capacity 13148K, committed 13184K, reserved 1048576K
Event: 2525.743 GC heap after
Heap after GC invocations=37 (full 4):
 PSYoungGen      total 363008K, used 4850K [0x00000000e0000000, 0x00000000f9500000, 0x0000000100000000)
  eden space 345600K, 0% used [0x00000000e0000000,0x00000000e0000000,0x00000000f5180000)
  from space 17408K, 27% used [0x00000000f5180000,0x00000000f563cb68,0x00000000f6280000)
  to   space 16896K, 0% used [0x00000000f8480000,0x00000000f8480000,0x00000000f9500000)
 ParOldGen       total 182784K, used 58731K [0x00000000a0000000, 0x00000000ab280000, 0x00000000e0000000)
  object space 182784K, 32% used [0x00000000a0000000,0x00000000a395ae50,0x00000000ab280000)
 Metaspace       used 97220K, capacity 101090K, committed 101248K, reserved 1136640K
  class space    used 12380K, capacity 13148K, committed 13184K, reserved 1048576K
}
Event: 3795.638 GC heap before
{Heap before GC invocations=38 (full 4):
 PSYoungGen      total 363008K, used 350450K [0x00000000e0000000, 0x00000000f9500000, 0x0000000100000000)
  eden space 345600K, 100% used [0x00000000e0000000,0x00000000f5180000,0x00000000f5180000)
  from space 17408K, 27% used [0x00000000f5180000,0x00000000f563cb68,0x00000000f6280000)
  to   space 16896K, 0% used [0x00000000f8480000,0x00000000f8480000,0x00000000f9500000)
 ParOldGen       total 182784K, used 58731K [0x00000000a0000000, 0x00000000ab280000, 0x00000000e0000000)
  object space 182784K, 32% used [0x00000000a0000000,0x00000000a395ae50,0x00000000ab280000)
 Metaspace       used 98297K, capacity 102380K, committed 102656K, reserved 1138688K
  class space    used 12471K, capacity 13260K, committed 13312K, reserved 1048576K
Event: 3795.754 GC heap after
Heap after GC invocations=38 (full 4):
 PSYoungGen      total 387584K, used 11685K [0x00000000e0000000, 0x00000000f9100000, 0x0000000100000000)
  eden space 374784K, 0% used [0x00000000e0000000,0x00000000e0000000,0x00000000f6e00000)
  from space 12800K, 91% used [0x00000000f8480000,0x00000000f8fe95e0,0x00000000f9100000)
  to   space 17920K, 0% used [0x00000000f6e00000,0x00000000f6e00000,0x00000000f7f80000)
 ParOldGen       total 182784K, used 58739K [0x00000000a0000000, 0x00000000ab280000, 0x00000000e0000000)
  object space 182784K, 32% used [0x00000000a0000000,0x00000000a395ce50,0x00000000ab280000)
 Metaspace       used 98297K, capacity 102380K, committed 102656K, reserved 1138688K
  class space    used 12471K, capacity 13260K, committed 13312K, reserved 1048576K
}

